17/Apr/2022:23:50:14 +0530 [mainClass.java] [INFO] mainClass Square root function 
17/Apr/2022:23:50:14 +0530 [mainClass.java] [INFO] mainClass Square root of 4.0: 2.0
17/Apr/2022:23:50:27 +0530 [mainClass.java] [INFO] mainClass Square root function 
17/Apr/2022:23:50:27 +0530 [mainClass.java] [INFO] mainClass Square root of 8.0: 2.8284271247461903
17/Apr/2022:23:50:32 +0530 [mainClass.java] [INFO] mainClass Square root function 
17/Apr/2022:23:50:32 +0530 [mainClass.java] [ERROR] mainClass Square root of negative number cannot be calculated
17/Apr/2022:23:50:51 +0530 [mainClass.java] [INFO] mainClass Factorial function
17/Apr/2022:23:50:51 +0530 [mainClass.java] [INFO] mainClass Factorial of 6.0: 720.0
17/Apr/2022:23:50:56 +0530 [mainClass.java] [INFO] mainClass Factorial function
17/Apr/2022:23:50:56 +0530 [mainClass.java] [ERROR] mainClass Factorial of negative number cannot be calculated
17/Apr/2022:23:51:06 +0530 [mainClass.java] [INFO] mainClass Factorial function
17/Apr/2022:23:51:06 +0530 [mainClass.java] [INFO] mainClass Factorial of 3.0: 6.0
17/Apr/2022:23:51:13 +0530 [mainClass.java] [INFO] mainClass Logarithm function
17/Apr/2022:23:51:13 +0530 [mainClass.java] [INFO] mainClass Logarithm of 6.0: 1.791759469228055
17/Apr/2022:23:51:19 +0530 [mainClass.java] [INFO] mainClass Logarithm function
17/Apr/2022:23:51:19 +0530 [mainClass.java] [INFO] mainClass Logarithm of 4.0: 1.3862943611198906
17/Apr/2022:23:51:25 +0530 [mainClass.java] [INFO] mainClass Logarithm function
17/Apr/2022:23:51:25 +0530 [mainClass.java] [INFO] mainClass Logarithm of 9.0: 2.1972245773362196
17/Apr/2022:23:51:30 +0530 [mainClass.java] [INFO] mainClass Logarithm function
17/Apr/2022:23:51:30 +0530 [mainClass.java] [ERROR] mainClass Logarithm cannot be calculated for given number (negative number or 0)
17/Apr/2022:23:51:39 +0530 [mainClass.java] [INFO] mainClass Power function
17/Apr/2022:23:51:39 +0530 [mainClass.java] [INFO] mainClass 8.0 to the Power of 2.0: 64.0
03/May/2022:13:17:31 +0530 [mainClass.java] [INFO] mainClass Square root function 
03/May/2022:13:17:32 +0530 [mainClass.java] [INFO] mainClass Square root of 4.0: 2.0
03/May/2022:13:17:56 +0530 [mainClass.java] [INFO] mainClass Factorial function
03/May/2022:13:17:56 +0530 [mainClass.java] [INFO] mainClass Factorial of 4.0: 24.0

